{"C:\\Users\\sistemas\\Desktop\\ecommerce\\index.js": {"path":"C:\\Users\\sistemas\\Desktop\\ecommerce\\index.js","statementMap":{"0":{"start":{"line":1,"column":0},"end":{"line":1,"column":27}},"1":{"start":{"line":2,"column":16},"end":{"line":2,"column":34}},"2":{"start":{"line":3,"column":15},"end":{"line":3,"column":32}},"3":{"start":{"line":4,"column":13},"end":{"line":4,"column":28}},"4":{"start":{"line":5,"column":14},"end":{"line":5,"column":37}},"5":{"start":{"line":6,"column":26},"end":{"line":6,"column":57}},"6":{"start":{"line":7,"column":18},"end":{"line":7,"column":47}},"7":{"start":{"line":8,"column":29},"end":{"line":8,"column":58}},"8":{"start":{"line":11,"column":12},"end":{"line":11,"column":21}},"9":{"start":{"line":12,"column":0},"end":{"line":12,"column":18}},"10":{"start":{"line":14,"column":13},"end":{"line":14,"column":37}},"11":{"start":{"line":17,"column":0},"end":{"line":17,"column":22}},"12":{"start":{"line":18,"column":0},"end":{"line":18,"column":24}},"13":{"start":{"line":22,"column":0},"end":{"line":22,"column":72}},"14":{"start":{"line":25,"column":0},"end":{"line":25,"column":71}},"15":{"start":{"line":27,"column":0},"end":{"line":27,"column":43}},"16":{"start":{"line":31,"column":17},"end":{"line":31,"column":37}},"17":{"start":{"line":33,"column":0},"end":{"line":40,"column":1}},"18":{"start":{"line":35,"column":4},"end":{"line":35,"column":21}},"19":{"start":{"line":42,"column":0},"end":{"line":42,"column":21}}},"fnMap":{},"branchMap":{"0":{"loc":{"start":{"line":14,"column":13},"end":{"line":14,"column":37}},"type":"binary-expr","locations":[{"start":{"line":14,"column":13},"end":{"line":14,"column":29}},{"start":{"line":14,"column":33},"end":{"line":14,"column":37}}],"line":14},"1":{"loc":{"start":{"line":33,"column":0},"end":{"line":40,"column":1}},"type":"if","locations":[{"start":{"line":33,"column":0},"end":{"line":40,"column":1}},{"start":{},"end":{}}],"line":33}},"s":{"0":1,"1":1,"2":1,"3":1,"4":1,"5":1,"6":1,"7":1,"8":1,"9":1,"10":1,"11":1,"12":1,"13":1,"14":1,"15":1,"16":1,"17":1,"18":0,"19":1},"f":{},"b":{"0":[1,0],"1":[0,1]},"_coverageSchema":"1a1c01bbd47fc00a2c39e90264f33305004495a9","hash":"11cdf8ddf5e5a2ffb07c0d518e48a2341f472456"}
,"C:\\Users\\sistemas\\Desktop\\ecommerce\\src\\controllers\\users.js": {"path":"C:\\Users\\sistemas\\Desktop\\ecommerce\\src\\controllers\\users.js","statementMap":{"0":{"start":{"line":1,"column":22},"end":{"line":1,"column":42}},"1":{"start":{"line":2,"column":21},"end":{"line":2,"column":53}},"2":{"start":{"line":3,"column":24},"end":{"line":3,"column":52}},"3":{"start":{"line":4,"column":20},"end":{"line":4,"column":48}},"4":{"start":{"line":7,"column":14},"end":{"line":7,"column":37}},"5":{"start":{"line":9,"column":16},"end":{"line":16,"column":1}},"6":{"start":{"line":10,"column":4},"end":{"line":15,"column":5}},"7":{"start":{"line":11,"column":23},"end":{"line":11,"column":48}},"8":{"start":{"line":12,"column":8},"end":{"line":12,"column":52}},"9":{"start":{"line":14,"column":8},"end":{"line":14,"column":29}},"10":{"start":{"line":18,"column":19},"end":{"line":40,"column":1}},"11":{"start":{"line":19,"column":3},"end":{"line":39,"column":4}},"12":{"start":{"line":20,"column":4},"end":{"line":20,"column":33}},"13":{"start":{"line":22,"column":48},"end":{"line":22,"column":51}},"14":{"start":{"line":24,"column":24},"end":{"line":24,"column":75}},"15":{"start":{"line":26,"column":4},"end":{"line":28,"column":5}},"16":{"start":{"line":27,"column":8},"end":{"line":27,"column":74}},"17":{"start":{"line":30,"column":4},"end":{"line":30,"column":33}},"18":{"start":{"line":31,"column":20},"end":{"line":31,"column":70}},"19":{"start":{"line":33,"column":19},"end":{"line":33,"column":39}},"20":{"start":{"line":35,"column":4},"end":{"line":35,"column":42}},"21":{"start":{"line":38,"column":7},"end":{"line":38,"column":43}},"22":{"start":{"line":42,"column":0},"end":{"line":45,"column":1}}},"fnMap":{"0":{"name":"(anonymous_0)","decl":{"start":{"line":9,"column":16},"end":{"line":9,"column":17}},"loc":{"start":{"line":9,"column":36},"end":{"line":16,"column":1}},"line":9},"1":{"name":"(anonymous_1)","decl":{"start":{"line":18,"column":19},"end":{"line":18,"column":20}},"loc":{"start":{"line":18,"column":38},"end":{"line":40,"column":1}},"line":18}},"branchMap":{"0":{"loc":{"start":{"line":26,"column":4},"end":{"line":28,"column":5}},"type":"if","locations":[{"start":{"line":26,"column":4},"end":{"line":28,"column":5}},{"start":{},"end":{}}],"line":26}},"s":{"0":1,"1":1,"2":1,"3":1,"4":1,"5":1,"6":2,"7":2,"8":2,"9":0,"10":1,"11":3,"12":3,"13":3,"14":3,"15":3,"16":2,"17":1,"18":1,"19":1,"20":1,"21":0,"22":1},"f":{"0":2,"1":3},"b":{"0":[2,1]},"_coverageSchema":"1a1c01bbd47fc00a2c39e90264f33305004495a9","hash":"a001e188c967c6b375af4d467aed5ad60040fac7"}
,"C:\\Users\\sistemas\\Desktop\\ecommerce\\src\\database\\mysql.js": {"path":"C:\\Users\\sistemas\\Desktop\\ecommerce\\src\\database\\mysql.js","statementMap":{"0":{"start":{"line":1,"column":18},"end":{"line":1,"column":38}},"1":{"start":{"line":2,"column":14},"end":{"line":2,"column":37}},"2":{"start":{"line":4,"column":23},"end":{"line":4,"column":49}},"3":{"start":{"line":5,"column":23},"end":{"line":5,"column":49}},"4":{"start":{"line":6,"column":23},"end":{"line":6,"column":49}},"5":{"start":{"line":7,"column":19},"end":{"line":7,"column":41}},"6":{"start":{"line":8,"column":23},"end":{"line":8,"column":49}},"7":{"start":{"line":9,"column":22},"end":{"line":9,"column":47}},"8":{"start":{"line":11,"column":18},"end":{"line":20,"column":1}},"9":{"start":{"line":22,"column":24},"end":{"line":31,"column":1}},"10":{"start":{"line":23,"column":2},"end":{"line":30,"column":3}},"11":{"start":{"line":25,"column":4},"end":{"line":25,"column":35}},"12":{"start":{"line":26,"column":4},"end":{"line":26,"column":36}},"13":{"start":{"line":29,"column":6},"end":{"line":29,"column":27}},"14":{"start":{"line":33,"column":0},"end":{"line":33,"column":46}}},"fnMap":{"0":{"name":"(anonymous_0)","decl":{"start":{"line":22,"column":24},"end":{"line":22,"column":25}},"loc":{"start":{"line":22,"column":36},"end":{"line":31,"column":1}},"line":22}},"branchMap":{},"s":{"0":1,"1":1,"2":1,"3":1,"4":1,"5":1,"6":1,"7":1,"8":1,"9":1,"10":1,"11":1,"12":1,"13":0,"14":1},"f":{"0":1},"b":{},"_coverageSchema":"1a1c01bbd47fc00a2c39e90264f33305004495a9","hash":"cb6fdf79e996ee23411577b0e36943c20513c8fc"}
,"C:\\Users\\sistemas\\Desktop\\ecommerce\\src\\docs\\swagger.js": {"path":"C:\\Users\\sistemas\\Desktop\\ecommerce\\src\\docs\\swagger.js","statementMap":{"0":{"start":{"line":1,"column":21},"end":{"line":1,"column":45}},"1":{"start":{"line":2,"column":13},"end":{"line":2,"column":28}},"2":{"start":{"line":4,"column":26},"end":{"line":95,"column":1}},"3":{"start":{"line":97,"column":16},"end":{"line":100,"column":1}},"4":{"start":{"line":102,"column":29},"end":{"line":102,"column":50}},"5":{"start":{"line":104,"column":0},"end":{"line":104,"column":38}}},"fnMap":{},"branchMap":{},"s":{"0":1,"1":1,"2":1,"3":1,"4":1,"5":1},"f":{},"b":{},"_coverageSchema":"1a1c01bbd47fc00a2c39e90264f33305004495a9","hash":"5516dc9603edc30c200633d75df8d559c0e56fef"}
,"C:\\Users\\sistemas\\Desktop\\ecommerce\\src\\models\\index.js": {"path":"C:\\Users\\sistemas\\Desktop\\ecommerce\\src\\models\\index.js","statementMap":{"0":{"start":{"line":1,"column":15},"end":{"line":3,"column":1}},"1":{"start":{"line":5,"column":0},"end":{"line":5,"column":24}}},"fnMap":{},"branchMap":{},"s":{"0":1,"1":1},"f":{},"b":{},"_coverageSchema":"1a1c01bbd47fc00a2c39e90264f33305004495a9","hash":"9378bdca2d9f73f93a9a4d9167d3febd4c100d3a"}
,"C:\\Users\\sistemas\\Desktop\\ecommerce\\src\\models\\users.js": {"path":"C:\\Users\\sistemas\\Desktop\\ecommerce\\src\\models\\users.js","statementMap":{"0":{"start":{"line":1,"column":22},"end":{"line":1,"column":50}},"1":{"start":{"line":2,"column":22},"end":{"line":2,"column":42}},"2":{"start":{"line":4,"column":18},"end":{"line":32,"column":2}},"3":{"start":{"line":35,"column":0},"end":{"line":35,"column":27}}},"fnMap":{},"branchMap":{},"s":{"0":1,"1":1,"2":1,"3":1},"f":{},"b":{},"_coverageSchema":"1a1c01bbd47fc00a2c39e90264f33305004495a9","hash":"3b92eaf57f06f74ae116c8b776b54a9947d1681e"}
,"C:\\Users\\sistemas\\Desktop\\ecommerce\\src\\routes\\index.js": {"path":"C:\\Users\\sistemas\\Desktop\\ecommerce\\src\\routes\\index.js","statementMap":{"0":{"start":{"line":1,"column":16},"end":{"line":1,"column":34}},"1":{"start":{"line":3,"column":15},"end":{"line":3,"column":24}},"2":{"start":{"line":5,"column":0},"end":{"line":5,"column":40}},"3":{"start":{"line":7,"column":0},"end":{"line":7,"column":24}}},"fnMap":{},"branchMap":{},"s":{"0":1,"1":1,"2":1,"3":1},"f":{},"b":{},"_coverageSchema":"1a1c01bbd47fc00a2c39e90264f33305004495a9","hash":"767c046c5e87975388f3441150234a50471e2714"}
,"C:\\Users\\sistemas\\Desktop\\ecommerce\\src\\routes\\users.js": {"path":"C:\\Users\\sistemas\\Desktop\\ecommerce\\src\\routes\\users.js","statementMap":{"0":{"start":{"line":1,"column":19},"end":{"line":1,"column":37}},"1":{"start":{"line":2,"column":31},"end":{"line":2,"column":62}},"2":{"start":{"line":3,"column":29},"end":{"line":3,"column":69}},"3":{"start":{"line":4,"column":15},"end":{"line":4,"column":23}},"4":{"start":{"line":23,"column":0},"end":{"line":23,"column":25}},"5":{"start":{"line":25,"column":0},"end":{"line":25,"column":46}},"6":{"start":{"line":27,"column":0},"end":{"line":27,"column":24}}},"fnMap":{},"branchMap":{},"s":{"0":1,"1":1,"2":1,"3":1,"4":1,"5":1,"6":1},"f":{},"b":{},"_coverageSchema":"1a1c01bbd47fc00a2c39e90264f33305004495a9","hash":"0ee2bba3ecad6d4d6aed83140ace46a35ae1fe62"}
,"C:\\Users\\sistemas\\Desktop\\ecommerce\\src\\utils\\bcryptjs.js": {"path":"C:\\Users\\sistemas\\Desktop\\ecommerce\\src\\utils\\bcryptjs.js","statementMap":{"0":{"start":{"line":1,"column":17},"end":{"line":1,"column":36}},"1":{"start":{"line":3,"column":16},"end":{"line":5,"column":1}},"2":{"start":{"line":4,"column":4},"end":{"line":4,"column":42}},"3":{"start":{"line":7,"column":16},"end":{"line":9,"column":1}},"4":{"start":{"line":8,"column":4},"end":{"line":8,"column":55}},"5":{"start":{"line":11,"column":0},"end":{"line":11,"column":36}}},"fnMap":{"0":{"name":"(anonymous_0)","decl":{"start":{"line":3,"column":16},"end":{"line":3,"column":17}},"loc":{"start":{"line":3,"column":28},"end":{"line":5,"column":1}},"line":3},"1":{"name":"(anonymous_1)","decl":{"start":{"line":7,"column":16},"end":{"line":7,"column":17}},"loc":{"start":{"line":7,"column":42},"end":{"line":9,"column":1}},"line":7}},"branchMap":{},"s":{"0":1,"1":1,"2":1,"3":1,"4":0,"5":1},"f":{"0":1,"1":0},"b":{},"_coverageSchema":"1a1c01bbd47fc00a2c39e90264f33305004495a9","hash":"e4742c6ea7dc8bf74d32f1e022e44774c364b9fc"}
,"C:\\Users\\sistemas\\Desktop\\ecommerce\\src\\utils\\error-handle.js": {"path":"C:\\Users\\sistemas\\Desktop\\ecommerce\\src\\utils\\error-handle.js","statementMap":{"0":{"start":{"line":1,"column":21},"end":{"line":6,"column":1}},"1":{"start":{"line":2,"column":4},"end":{"line":5,"column":6}},"2":{"start":{"line":8,"column":0},"end":{"line":8,"column":30}}},"fnMap":{"0":{"name":"(anonymous_0)","decl":{"start":{"line":1,"column":21},"end":{"line":1,"column":22}},"loc":{"start":{"line":1,"column":43},"end":{"line":6,"column":1}},"line":1}},"branchMap":{},"s":{"0":1,"1":0,"2":1},"f":{"0":0},"b":{},"_coverageSchema":"1a1c01bbd47fc00a2c39e90264f33305004495a9","hash":"da6cff3d64326ee57660e6e8cc573cf7ab4ba7f8"}
,"C:\\Users\\sistemas\\Desktop\\ecommerce\\src\\validators\\user-validators.js": {"path":"C:\\Users\\sistemas\\Desktop\\ecommerce\\src\\validators\\user-validators.js","statementMap":{"0":{"start":{"line":1,"column":36},"end":{"line":1,"column":64}},"1":{"start":{"line":2,"column":21},"end":{"line":2,"column":53}},"2":{"start":{"line":4,"column":25},"end":{"line":35,"column":1}},"3":{"start":{"line":28,"column":4},"end":{"line":33,"column":5}},"4":{"start":{"line":29,"column":6},"end":{"line":29,"column":36}},"5":{"start":{"line":30,"column":6},"end":{"line":30,"column":20}},"6":{"start":{"line":32,"column":6},"end":{"line":32,"column":44}},"7":{"start":{"line":37,"column":0},"end":{"line":37,"column":38}}},"fnMap":{"0":{"name":"(anonymous_0)","decl":{"start":{"line":27,"column":2},"end":{"line":27,"column":3}},"loc":{"start":{"line":27,"column":22},"end":{"line":34,"column":3}},"line":27}},"branchMap":{},"s":{"0":1,"1":1,"2":1,"3":3,"4":3,"5":3,"6":0,"7":1},"f":{"0":3},"b":{},"_coverageSchema":"1a1c01bbd47fc00a2c39e90264f33305004495a9","hash":"2ec05cd5cbbe523bf67b131925934f5a84214532"}
}
