{"C:\\Users\\sistemas\\Desktop\\ecommerce\\index.js": {"path":"C:\\Users\\sistemas\\Desktop\\ecommerce\\index.js","statementMap":{"0":{"start":{"line":1,"column":0},"end":{"line":1,"column":27}},"1":{"start":{"line":2,"column":16},"end":{"line":2,"column":34}},"2":{"start":{"line":3,"column":15},"end":{"line":3,"column":32}},"3":{"start":{"line":4,"column":13},"end":{"line":4,"column":28}},"4":{"start":{"line":5,"column":14},"end":{"line":5,"column":37}},"5":{"start":{"line":6,"column":26},"end":{"line":6,"column":57}},"6":{"start":{"line":7,"column":18},"end":{"line":7,"column":47}},"7":{"start":{"line":8,"column":29},"end":{"line":8,"column":58}},"8":{"start":{"line":11,"column":12},"end":{"line":11,"column":21}},"9":{"start":{"line":12,"column":0},"end":{"line":12,"column":18}},"10":{"start":{"line":14,"column":13},"end":{"line":14,"column":37}},"11":{"start":{"line":17,"column":0},"end":{"line":17,"column":22}},"12":{"start":{"line":18,"column":0},"end":{"line":18,"column":24}},"13":{"start":{"line":22,"column":0},"end":{"line":22,"column":72}},"14":{"start":{"line":25,"column":0},"end":{"line":25,"column":71}},"15":{"start":{"line":27,"column":0},"end":{"line":27,"column":43}},"16":{"start":{"line":31,"column":17},"end":{"line":31,"column":37}},"17":{"start":{"line":33,"column":0},"end":{"line":40,"column":1}},"18":{"start":{"line":37,"column":4},"end":{"line":39,"column":7}},"19":{"start":{"line":38,"column":8},"end":{"line":38,"column":40}},"20":{"start":{"line":42,"column":0},"end":{"line":42,"column":21}}},"fnMap":{"0":{"name":"(anonymous_0)","decl":{"start":{"line":37,"column":20},"end":{"line":37,"column":21}},"loc":{"start":{"line":37,"column":24},"end":{"line":39,"column":5}},"line":37}},"branchMap":{"0":{"loc":{"start":{"line":14,"column":13},"end":{"line":14,"column":37}},"type":"binary-expr","locations":[{"start":{"line":14,"column":13},"end":{"line":14,"column":29}},{"start":{"line":14,"column":33},"end":{"line":14,"column":37}}],"line":14},"1":{"loc":{"start":{"line":33,"column":0},"end":{"line":40,"column":1}},"type":"if","locations":[{"start":{"line":33,"column":0},"end":{"line":40,"column":1}},{"start":{},"end":{}}],"line":33}},"s":{"0":1,"1":1,"2":1,"3":1,"4":1,"5":1,"6":1,"7":1,"8":1,"9":1,"10":1,"11":1,"12":1,"13":1,"14":1,"15":1,"16":1,"17":1,"18":0,"19":0,"20":1},"f":{"0":0},"b":{"0":[1,0],"1":[0,1]},"_coverageSchema":"1a1c01bbd47fc00a2c39e90264f33305004495a9","hash":"14c342cdf4c5094bbd6d3528b4f1182696f7cdb4"}
,"C:\\Users\\sistemas\\Desktop\\ecommerce\\src\\controllers\\users.js": {"path":"C:\\Users\\sistemas\\Desktop\\ecommerce\\src\\controllers\\users.js","statementMap":{"0":{"start":{"line":1,"column":22},"end":{"line":1,"column":42}},"1":{"start":{"line":2,"column":21},"end":{"line":2,"column":53}},"2":{"start":{"line":3,"column":24},"end":{"line":3,"column":52}},"3":{"start":{"line":4,"column":20},"end":{"line":4,"column":48}},"4":{"start":{"line":7,"column":14},"end":{"line":7,"column":37}},"5":{"start":{"line":9,"column":16},"end":{"line":16,"column":1}},"6":{"start":{"line":10,"column":4},"end":{"line":15,"column":5}},"7":{"start":{"line":11,"column":23},"end":{"line":11,"column":72}},"8":{"start":{"line":12,"column":8},"end":{"line":12,"column":52}},"9":{"start":{"line":14,"column":8},"end":{"line":14,"column":29}},"10":{"start":{"line":18,"column":23},"end":{"line":25,"column":1}},"11":{"start":{"line":19,"column":4},"end":{"line":24,"column":5}},"12":{"start":{"line":20,"column":23},"end":{"line":20,"column":71}},"13":{"start":{"line":21,"column":8},"end":{"line":21,"column":52}},"14":{"start":{"line":23,"column":8},"end":{"line":23,"column":29}},"15":{"start":{"line":27,"column":19},"end":{"line":49,"column":1}},"16":{"start":{"line":28,"column":3},"end":{"line":48,"column":4}},"17":{"start":{"line":29,"column":4},"end":{"line":29,"column":33}},"18":{"start":{"line":31,"column":48},"end":{"line":31,"column":51}},"19":{"start":{"line":33,"column":24},"end":{"line":33,"column":75}},"20":{"start":{"line":35,"column":4},"end":{"line":37,"column":5}},"21":{"start":{"line":36,"column":8},"end":{"line":36,"column":74}},"22":{"start":{"line":39,"column":4},"end":{"line":39,"column":33}},"23":{"start":{"line":40,"column":20},"end":{"line":40,"column":70}},"24":{"start":{"line":42,"column":19},"end":{"line":42,"column":39}},"25":{"start":{"line":44,"column":4},"end":{"line":44,"column":42}},"26":{"start":{"line":47,"column":7},"end":{"line":47,"column":43}},"27":{"start":{"line":52,"column":19},"end":{"line":75,"column":2}},"28":{"start":{"line":53,"column":4},"end":{"line":74,"column":5}},"29":{"start":{"line":54,"column":5},"end":{"line":54,"column":34}},"30":{"start":{"line":55,"column":19},"end":{"line":55,"column":22}},"31":{"start":{"line":56,"column":5},"end":{"line":56,"column":23}},"32":{"start":{"line":57,"column":22},"end":{"line":57,"column":62}},"33":{"start":{"line":60,"column":5},"end":{"line":62,"column":6}},"34":{"start":{"line":61,"column":9},"end":{"line":61,"column":65}},"35":{"start":{"line":64,"column":25},"end":{"line":68,"column":5}},"36":{"start":{"line":70,"column":5},"end":{"line":70,"column":48}},"37":{"start":{"line":73,"column":8},"end":{"line":73,"column":44}},"38":{"start":{"line":78,"column":24},"end":{"line":97,"column":2}},"39":{"start":{"line":79,"column":4},"end":{"line":96,"column":5}},"40":{"start":{"line":80,"column":5},"end":{"line":80,"column":34}},"41":{"start":{"line":81,"column":19},"end":{"line":81,"column":22}},"42":{"start":{"line":82,"column":5},"end":{"line":82,"column":23}},"43":{"start":{"line":83,"column":22},"end":{"line":83,"column":62}},"44":{"start":{"line":86,"column":5},"end":{"line":88,"column":6}},"45":{"start":{"line":87,"column":9},"end":{"line":87,"column":65}},"46":{"start":{"line":90,"column":25},"end":{"line":90,"column":65}},"47":{"start":{"line":92,"column":5},"end":{"line":92,"column":48}},"48":{"start":{"line":95,"column":8},"end":{"line":95,"column":44}},"49":{"start":{"line":99,"column":0},"end":{"line":105,"column":1}}},"fnMap":{"0":{"name":"(anonymous_0)","decl":{"start":{"line":9,"column":16},"end":{"line":9,"column":17}},"loc":{"start":{"line":9,"column":36},"end":{"line":16,"column":1}},"line":9},"1":{"name":"(anonymous_1)","decl":{"start":{"line":18,"column":23},"end":{"line":18,"column":24}},"loc":{"start":{"line":18,"column":43},"end":{"line":25,"column":1}},"line":18},"2":{"name":"(anonymous_2)","decl":{"start":{"line":27,"column":19},"end":{"line":27,"column":20}},"loc":{"start":{"line":27,"column":38},"end":{"line":49,"column":1}},"line":27},"3":{"name":"(anonymous_3)","decl":{"start":{"line":52,"column":19},"end":{"line":52,"column":20}},"loc":{"start":{"line":52,"column":38},"end":{"line":75,"column":2}},"line":52},"4":{"name":"(anonymous_4)","decl":{"start":{"line":78,"column":24},"end":{"line":78,"column":25}},"loc":{"start":{"line":78,"column":43},"end":{"line":97,"column":2}},"line":78}},"branchMap":{"0":{"loc":{"start":{"line":35,"column":4},"end":{"line":37,"column":5}},"type":"if","locations":[{"start":{"line":35,"column":4},"end":{"line":37,"column":5}},{"start":{},"end":{}}],"line":35},"1":{"loc":{"start":{"line":60,"column":5},"end":{"line":62,"column":6}},"type":"if","locations":[{"start":{"line":60,"column":5},"end":{"line":62,"column":6}},{"start":{},"end":{}}],"line":60},"2":{"loc":{"start":{"line":86,"column":5},"end":{"line":88,"column":6}},"type":"if","locations":[{"start":{"line":86,"column":5},"end":{"line":88,"column":6}},{"start":{},"end":{}}],"line":86}},"s":{"0":1,"1":1,"2":1,"3":1,"4":1,"5":1,"6":2,"7":2,"8":2,"9":0,"10":1,"11":0,"12":0,"13":0,"14":0,"15":1,"16":2,"17":2,"18":2,"19":2,"20":2,"21":1,"22":1,"23":1,"24":1,"25":1,"26":0,"27":1,"28":0,"29":0,"30":0,"31":0,"32":0,"33":0,"34":0,"35":0,"36":0,"37":0,"38":1,"39":1,"40":1,"41":1,"42":1,"43":1,"44":0,"45":0,"46":0,"47":0,"48":1,"49":1},"f":{"0":2,"1":0,"2":2,"3":0,"4":1},"b":{"0":[1,1],"1":[0,0],"2":[0,0]},"_coverageSchema":"1a1c01bbd47fc00a2c39e90264f33305004495a9","hash":"99ac561e49bdadb9c9e4797bcb86b8c97d09417b"}
,"C:\\Users\\sistemas\\Desktop\\ecommerce\\src\\database\\mysql.js": {"path":"C:\\Users\\sistemas\\Desktop\\ecommerce\\src\\database\\mysql.js","statementMap":{"0":{"start":{"line":1,"column":18},"end":{"line":1,"column":38}},"1":{"start":{"line":2,"column":14},"end":{"line":2,"column":37}},"2":{"start":{"line":4,"column":23},"end":{"line":4,"column":49}},"3":{"start":{"line":5,"column":23},"end":{"line":5,"column":49}},"4":{"start":{"line":6,"column":23},"end":{"line":6,"column":49}},"5":{"start":{"line":7,"column":19},"end":{"line":7,"column":41}},"6":{"start":{"line":8,"column":23},"end":{"line":8,"column":49}},"7":{"start":{"line":9,"column":22},"end":{"line":9,"column":47}},"8":{"start":{"line":11,"column":18},"end":{"line":20,"column":1}},"9":{"start":{"line":22,"column":24},"end":{"line":31,"column":1}},"10":{"start":{"line":23,"column":2},"end":{"line":30,"column":3}},"11":{"start":{"line":25,"column":4},"end":{"line":25,"column":35}},"12":{"start":{"line":26,"column":4},"end":{"line":26,"column":36}},"13":{"start":{"line":29,"column":6},"end":{"line":29,"column":27}},"14":{"start":{"line":33,"column":0},"end":{"line":33,"column":46}}},"fnMap":{"0":{"name":"(anonymous_0)","decl":{"start":{"line":22,"column":24},"end":{"line":22,"column":25}},"loc":{"start":{"line":22,"column":36},"end":{"line":31,"column":1}},"line":22}},"branchMap":{},"s":{"0":1,"1":1,"2":1,"3":1,"4":1,"5":1,"6":1,"7":1,"8":1,"9":1,"10":1,"11":1,"12":1,"13":0,"14":1},"f":{"0":1},"b":{},"_coverageSchema":"1a1c01bbd47fc00a2c39e90264f33305004495a9","hash":"cb6fdf79e996ee23411577b0e36943c20513c8fc"}
,"C:\\Users\\sistemas\\Desktop\\ecommerce\\src\\docs\\swagger.js": {"path":"C:\\Users\\sistemas\\Desktop\\ecommerce\\src\\docs\\swagger.js","statementMap":{"0":{"start":{"line":1,"column":21},"end":{"line":1,"column":45}},"1":{"start":{"line":2,"column":13},"end":{"line":2,"column":28}},"2":{"start":{"line":4,"column":26},"end":{"line":98,"column":1}},"3":{"start":{"line":100,"column":16},"end":{"line":103,"column":1}},"4":{"start":{"line":105,"column":29},"end":{"line":105,"column":50}},"5":{"start":{"line":107,"column":0},"end":{"line":107,"column":38}}},"fnMap":{},"branchMap":{},"s":{"0":1,"1":1,"2":1,"3":1,"4":1,"5":1},"f":{},"b":{},"_coverageSchema":"1a1c01bbd47fc00a2c39e90264f33305004495a9","hash":"d70bfe89e3c385784cd3ea93c51e486e882b0a7a"}
,"C:\\Users\\sistemas\\Desktop\\ecommerce\\src\\models\\index.js": {"path":"C:\\Users\\sistemas\\Desktop\\ecommerce\\src\\models\\index.js","statementMap":{"0":{"start":{"line":1,"column":15},"end":{"line":3,"column":1}},"1":{"start":{"line":5,"column":0},"end":{"line":5,"column":24}}},"fnMap":{},"branchMap":{},"s":{"0":1,"1":1},"f":{},"b":{},"_coverageSchema":"1a1c01bbd47fc00a2c39e90264f33305004495a9","hash":"9378bdca2d9f73f93a9a4d9167d3febd4c100d3a"}
,"C:\\Users\\sistemas\\Desktop\\ecommerce\\src\\models\\users.js": {"path":"C:\\Users\\sistemas\\Desktop\\ecommerce\\src\\models\\users.js","statementMap":{"0":{"start":{"line":1,"column":22},"end":{"line":1,"column":50}},"1":{"start":{"line":2,"column":22},"end":{"line":2,"column":42}},"2":{"start":{"line":4,"column":18},"end":{"line":32,"column":2}},"3":{"start":{"line":35,"column":0},"end":{"line":35,"column":27}}},"fnMap":{},"branchMap":{},"s":{"0":1,"1":1,"2":1,"3":1},"f":{},"b":{},"_coverageSchema":"1a1c01bbd47fc00a2c39e90264f33305004495a9","hash":"3b92eaf57f06f74ae116c8b776b54a9947d1681e"}
,"C:\\Users\\sistemas\\Desktop\\ecommerce\\src\\routes\\index.js": {"path":"C:\\Users\\sistemas\\Desktop\\ecommerce\\src\\routes\\index.js","statementMap":{"0":{"start":{"line":1,"column":16},"end":{"line":1,"column":34}},"1":{"start":{"line":3,"column":15},"end":{"line":3,"column":24}},"2":{"start":{"line":5,"column":0},"end":{"line":5,"column":40}},"3":{"start":{"line":7,"column":0},"end":{"line":7,"column":24}}},"fnMap":{},"branchMap":{},"s":{"0":1,"1":1,"2":1,"3":1},"f":{},"b":{},"_coverageSchema":"1a1c01bbd47fc00a2c39e90264f33305004495a9","hash":"767c046c5e87975388f3441150234a50471e2714"}
,"C:\\Users\\sistemas\\Desktop\\ecommerce\\src\\routes\\users.js": {"path":"C:\\Users\\sistemas\\Desktop\\ecommerce\\src\\routes\\users.js","statementMap":{"0":{"start":{"line":1,"column":19},"end":{"line":1,"column":37}},"1":{"start":{"line":2,"column":72},"end":{"line":2,"column":103}},"2":{"start":{"line":3,"column":40},"end":{"line":3,"column":80}},"3":{"start":{"line":4,"column":15},"end":{"line":4,"column":23}},"4":{"start":{"line":23,"column":0},"end":{"line":23,"column":25}},"5":{"start":{"line":42,"column":0},"end":{"line":42,"column":39}},"6":{"start":{"line":67,"column":0},"end":{"line":67,"column":46}},"7":{"start":{"line":94,"column":0},"end":{"line":94,"column":56}},"8":{"start":{"line":121,"column":0},"end":{"line":121,"column":47}},"9":{"start":{"line":123,"column":0},"end":{"line":123,"column":24}}},"fnMap":{},"branchMap":{},"s":{"0":1,"1":1,"2":1,"3":1,"4":1,"5":1,"6":1,"7":1,"8":1,"9":1},"f":{},"b":{},"_coverageSchema":"1a1c01bbd47fc00a2c39e90264f33305004495a9","hash":"1d40d7340999210a057eee2f661469c7ef40c77e"}
,"C:\\Users\\sistemas\\Desktop\\ecommerce\\src\\utils\\bcryptjs.js": {"path":"C:\\Users\\sistemas\\Desktop\\ecommerce\\src\\utils\\bcryptjs.js","statementMap":{"0":{"start":{"line":1,"column":17},"end":{"line":1,"column":36}},"1":{"start":{"line":3,"column":16},"end":{"line":5,"column":1}},"2":{"start":{"line":4,"column":4},"end":{"line":4,"column":42}},"3":{"start":{"line":7,"column":16},"end":{"line":9,"column":1}},"4":{"start":{"line":8,"column":4},"end":{"line":8,"column":55}},"5":{"start":{"line":11,"column":0},"end":{"line":11,"column":36}}},"fnMap":{"0":{"name":"(anonymous_0)","decl":{"start":{"line":3,"column":16},"end":{"line":3,"column":17}},"loc":{"start":{"line":3,"column":28},"end":{"line":5,"column":1}},"line":3},"1":{"name":"(anonymous_1)","decl":{"start":{"line":7,"column":16},"end":{"line":7,"column":17}},"loc":{"start":{"line":7,"column":42},"end":{"line":9,"column":1}},"line":7}},"branchMap":{},"s":{"0":1,"1":1,"2":1,"3":1,"4":0,"5":1},"f":{"0":1,"1":0},"b":{},"_coverageSchema":"1a1c01bbd47fc00a2c39e90264f33305004495a9","hash":"e4742c6ea7dc8bf74d32f1e022e44774c364b9fc"}
,"C:\\Users\\sistemas\\Desktop\\ecommerce\\src\\utils\\error-handle.js": {"path":"C:\\Users\\sistemas\\Desktop\\ecommerce\\src\\utils\\error-handle.js","statementMap":{"0":{"start":{"line":1,"column":21},"end":{"line":6,"column":1}},"1":{"start":{"line":2,"column":4},"end":{"line":5,"column":6}},"2":{"start":{"line":8,"column":0},"end":{"line":8,"column":30}}},"fnMap":{"0":{"name":"(anonymous_0)","decl":{"start":{"line":1,"column":21},"end":{"line":1,"column":22}},"loc":{"start":{"line":1,"column":43},"end":{"line":6,"column":1}},"line":1}},"branchMap":{},"s":{"0":1,"1":2,"2":1},"f":{"0":2},"b":{},"_coverageSchema":"1a1c01bbd47fc00a2c39e90264f33305004495a9","hash":"da6cff3d64326ee57660e6e8cc573cf7ab4ba7f8"}
,"C:\\Users\\sistemas\\Desktop\\ecommerce\\src\\validators\\user-validators.js": {"path":"C:\\Users\\sistemas\\Desktop\\ecommerce\\src\\validators\\user-validators.js","statementMap":{"0":{"start":{"line":1,"column":36},"end":{"line":1,"column":64}},"1":{"start":{"line":2,"column":21},"end":{"line":2,"column":53}},"2":{"start":{"line":4,"column":25},"end":{"line":35,"column":1}},"3":{"start":{"line":28,"column":4},"end":{"line":33,"column":5}},"4":{"start":{"line":29,"column":6},"end":{"line":29,"column":36}},"5":{"start":{"line":30,"column":6},"end":{"line":30,"column":20}},"6":{"start":{"line":32,"column":6},"end":{"line":32,"column":44}},"7":{"start":{"line":37,"column":19},"end":{"line":51,"column":1}},"8":{"start":{"line":44,"column":4},"end":{"line":49,"column":5}},"9":{"start":{"line":45,"column":6},"end":{"line":45,"column":36}},"10":{"start":{"line":46,"column":6},"end":{"line":46,"column":20}},"11":{"start":{"line":48,"column":6},"end":{"line":48,"column":44}},"12":{"start":{"line":53,"column":0},"end":{"line":53,"column":50}}},"fnMap":{"0":{"name":"(anonymous_0)","decl":{"start":{"line":27,"column":2},"end":{"line":27,"column":3}},"loc":{"start":{"line":27,"column":22},"end":{"line":34,"column":3}},"line":27},"1":{"name":"(anonymous_1)","decl":{"start":{"line":43,"column":2},"end":{"line":43,"column":3}},"loc":{"start":{"line":43,"column":22},"end":{"line":50,"column":3}},"line":43}},"branchMap":{},"s":{"0":1,"1":1,"2":1,"3":3,"4":3,"5":2,"6":1,"7":1,"8":1,"9":1,"10":1,"11":0,"12":1},"f":{"0":3,"1":1},"b":{},"_coverageSchema":"1a1c01bbd47fc00a2c39e90264f33305004495a9","hash":"ac4f6615ee559aa925d9d240d5b57d13b1e5b7c8"}
}
